<?xml version="1.0" encoding="UTF-8"?>
<testng-results ignored="0" total="1" passed="1" failed="0" skipped="0">
  <reporter-output>
  </reporter-output>
  <suite started-at="2022-12-11T07:00:50Z" name="Default suite" finished-at="2022-12-11T07:00:53Z" duration-ms="2212">
    <groups>
    </groups>
    <test started-at="2022-12-11T07:00:50Z" name="Default test" finished-at="2022-12-11T07:00:53Z" duration-ms="2212">
      <class name="LocalHost_Project.EndToEndTesting">
        <test-method signature="test1()[pri:0, instance:LocalHost_Project.EndToEndTesting@20f5281c]" started-at="2022-12-11T07:00:50Z" name="test1" finished-at="2022-12-11T07:00:53Z" duration-ms="2193" status="PASS">
          <reporter-output>
          </reporter-output>
        </test-method> <!-- test1 -->
      </class> <!-- LocalHost_Project.EndToEndTesting -->
    </test> <!-- Default test -->
  </suite> <!-- Default suite -->
</testng-results>
